# JRE version: Java(TM) SE Runtime Environment 18.9 (11.0.15+8) (build 11.0.15+8-LTS-149)
# Java VM: Java HotSpot(TM) 64-Bit Server VM 18.9 (11.0.15+8-LTS-149, mixed mode, tiered, compressed oops, g1 gc, windows-amd64)
Heap:
 garbage-first heap   total 157696K, used 64911K [0x0000000080000000, 0x0000000100000000)
  region size 1024K, 57 young (58368K), 8 survivors (8192K)
 Metaspace       used 40236K, capacity 41247K, committed 41344K, reserved 1085440K
  class space    used 4816K, capacity 5212K, committed 5248K, reserved 1048576K
GC Heap History (10 events):
Event: 2.483 GC heap before
{Heap before GC invocations=2 (full 0):
 garbage-first heap   total 131072K, used 50169K [0x0000000080000000, 0x0000000100000000)
  region size 1024K, 44 young (45056K), 1 survivors (1024K)
 Metaspace       used 16365K, capacity 16766K, committed 17024K, reserved 1064960K
  class space    used 1674K, capacity 1817K, committed 1920K, reserved 1048576K
}
Event: 2.498 GC heap after
{Heap after GC invocations=3 (full 0):
 garbage-first heap   total 131072K, used 8328K [0x0000000080000000, 0x0000000100000000)
  region size 1024K, 4 young (4096K), 4 survivors (4096K)
 Metaspace       used 16365K, capacity 16766K, committed 17024K, reserved 1064960K
  class space    used 1674K, capacity 1817K, committed 1920K, reserved 1048576K
}
Event: 3.314 GC heap before
{Heap before GC invocations=3 (full 0):
 garbage-first heap   total 131072K, used 37000K [0x0000000080000000, 0x0000000100000000)
  region size 1024K, 33 young (33792K), 4 survivors (4096K)
 Metaspace       used 20666K, capacity 21123K, committed 21248K, reserved 1069056K
  class space    used 2285K, capacity 2482K, committed 2560K, reserved 1048576K
}
Event: 3.325 GC heap after
{Heap after GC invocations=4 (full 0):
 garbage-first heap   total 131072K, used 9552K [0x0000000080000000, 0x0000000100000000)
  region size 1024K, 5 young (5120K), 5 survivors (5120K)
 Metaspace       used 20666K, capacity 21123K, committed 21248K, reserved 1069056K
  class space    used 2285K, capacity 2482K, committed 2560K, reserved 1048576K
}
Event: 4.218 GC heap before
{Heap before GC invocations=5 (full 0):
 garbage-first heap   total 131072K, used 56656K [0x0000000080000000, 0x0000000100000000)
  region size 1024K, 52 young (53248K), 5 survivors (5120K)
 Metaspace       used 27080K, capacity 27668K, committed 27904K, reserved 1073152K
  class space    used 3092K, capacity 3321K, committed 3328K, reserved 1048576K
}
Event: 4.235 GC heap after
{Heap after GC invocations=6 (full 0):
 garbage-first heap   total 157696K, used 11254K [0x0000000080000000, 0x0000000100000000)
  region size 1024K, 5 young (5120K), 5 survivors (5120K)
 Metaspace       used 27080K, capacity 27668K, committed 27904K, reserved 1073152K
  class space    used 3092K, capacity 3321K, committed 3328K, reserved 1048576K
}
Event: 5.934 GC heap before
{Heap before GC invocations=6 (full 0):
 garbage-first heap   total 157696K, used 92150K [0x0000000080000000, 0x0000000100000000)
  region size 1024K, 84 young (86016K), 5 survivors (5120K)
 Metaspace       used 31676K, capacity 32435K, committed 32768K, reserved 1077248K
  class space    used 3679K, capacity 3980K, committed 4096K, reserved 1048576K
}
Event: 5.957 GC heap after
{Heap after GC invocations=7 (full 0):
 garbage-first heap   total 157696K, used 14204K [0x0000000080000000, 0x0000000100000000)
  region size 1024K, 8 young (8192K), 8 survivors (8192K)
 Metaspace       used 31676K, capacity 32435K, committed 32768K, reserved 1077248K
  class space    used 3679K, capacity 3980K, committed 4096K, reserved 1048576K
}
Event: 7.182 GC heap before
{Heap before GC invocations=7 (full 0):
 garbage-first heap   total 157696K, used 57212K [0x0000000080000000, 0x0000000100000000)
  region size 1024K, 51 young (52224K), 8 survivors (8192K)
 Metaspace       used 35063K, capacity 35792K, committed 35840K, reserved 1081344K
  class space    used 4161K, capacity 4451K, committed 4480K, reserved 1048576K
}
Event: 7.208 GC heap after
{Heap after GC invocations=8 (full 0):
 garbage-first heap   total 157696K, used 15759K [0x0000000080000000, 0x0000000100000000)
  region size 1024K, 8 young (8192K), 8 survivors (8192K)
 Metaspace       used 35063K, capacity 35792K, committed 35840K, reserved 1081344K
  class space    used 4161K, capacity 4451K, committed 4480K, reserved 1048576K
}

