# JRE version: Java(TM) SE Runtime Environment 18.9 (11.0.15+8) (build 11.0.15+8-LTS-149)
# Java VM: Java HotSpot(TM) 64-Bit Server VM 18.9 (11.0.15+8-LTS-149, mixed mode, tiered, compressed oops, g1 gc, windows-amd64)
Heap:
 garbage-first heap   total 157696K, used 45662K [0x0000000080000000, 0x0000000100000000)
  region size 1024K, 42 young (43008K), 3 survivors (3072K)
 Metaspace       used 27146K, capacity 27784K, committed 28080K, reserved 1075200K
  class space    used 3036K, capacity 3286K, committed 3328K, reserved 1048576K
GC Heap History (10 events):
Event: 0.621 GC heap before
{Heap before GC invocations=0 (full 0):
 garbage-first heap   total 131072K, used 6144K [0x0000000080000000, 0x0000000100000000)
  region size 1024K, 7 young (7168K), 0 survivors (0K)
 Metaspace       used 6186K, capacity 6251K, committed 6528K, reserved 1056768K
  class space    used 531K, capacity 570K, committed 640K, reserved 1048576K
}
Event: 0.632 GC heap after
{Heap after GC invocations=1 (full 0):
 garbage-first heap   total 131072K, used 4283K [0x0000000080000000, 0x0000000100000000)
  region size 1024K, 1 young (1024K), 1 survivors (1024K)
 Metaspace       used 6186K, capacity 6251K, committed 6528K, reserved 1056768K
  class space    used 531K, capacity 570K, committed 640K, reserved 1048576K
}
Event: 1.014 GC heap before
{Heap before GC invocations=1 (full 0):
 garbage-first heap   total 131072K, used 9403K [0x0000000080000000, 0x0000000100000000)
  region size 1024K, 6 young (6144K), 1 survivors (1024K)
 Metaspace       used 9099K, capacity 9198K, committed 9344K, reserved 1058816K
  class space    used 823K, capacity 871K, committed 896K, reserved 1048576K
}
Event: 1.020 GC heap after
{Heap after GC invocations=2 (full 0):
 garbage-first heap   total 131072K, used 5501K [0x0000000080000000, 0x0000000100000000)
  region size 1024K, 1 young (1024K), 1 survivors (1024K)
 Metaspace       used 9099K, capacity 9198K, committed 9344K, reserved 1058816K
  class space    used 823K, capacity 871K, committed 896K, reserved 1048576K
}
Event: 1.511 GC heap before
{Heap before GC invocations=2 (full 0):
 garbage-first heap   total 131072K, used 15741K [0x0000000080000000, 0x0000000100000000)
  region size 1024K, 11 young (11264K), 1 survivors (1024K)
 Metaspace       used 11983K, capacity 12170K, committed 12288K, reserved 1060864K
  class space    used 1180K, capacity 1272K, committed 1280K, reserved 1048576K
}
Event: 1.516 GC heap after
{Heap after GC invocations=3 (full 0):
 garbage-first heap   total 131072K, used 6198K [0x0000000080000000, 0x0000000100000000)
  region size 1024K, 2 young (2048K), 2 survivors (2048K)
 Metaspace       used 11983K, capacity 12170K, committed 12288K, reserved 1060864K
  class space    used 1180K, capacity 1272K, committed 1280K, reserved 1048576K
}
Event: 1.900 GC heap before
{Heap before GC invocations=3 (full 0):
 garbage-first heap   total 131072K, used 20534K [0x0000000080000000, 0x0000000100000000)
  region size 1024K, 17 young (17408K), 2 survivors (2048K)
 Metaspace       used 15933K, capacity 16238K, committed 16384K, reserved 1064960K
  class space    used 1587K, capacity 1698K, committed 1792K, reserved 1048576K
}
Event: 1.908 GC heap after
{Heap after GC invocations=4 (full 0):
 garbage-first heap   total 131072K, used 6890K [0x0000000080000000, 0x0000000100000000)
  region size 1024K, 2 young (2048K), 2 survivors (2048K)
 Metaspace       used 15933K, capacity 16238K, committed 16384K, reserved 1064960K
  class space    used 1587K, capacity 1698K, committed 1792K, reserved 1048576K
}
Event: 2.427 GC heap before
{Heap before GC invocations=4 (full 0):
 garbage-first heap   total 131072K, used 26346K [0x0000000080000000, 0x0000000100000000)
  region size 1024K, 22 young (22528K), 2 survivors (2048K)
 Metaspace       used 20839K, capacity 21221K, committed 21296K, reserved 1069056K
  class space    used 2240K, capacity 2396K, committed 2432K, reserved 1048576K
}
Event: 2.440 GC heap after
{Heap after GC invocations=5 (full 0):
 garbage-first heap   total 157696K, used 7774K [0x0000000080000000, 0x0000000100000000)
  region size 1024K, 3 young (3072K), 3 survivors (3072K)
 Metaspace       used 20839K, capacity 21221K, committed 21296K, reserved 1069056K
  class space    used 2240K, capacity 2396K, committed 2432K, reserved 1048576K
}

